<?xml version="1.0" encoding="UTF-8"?>
<!-- Generated by org.testng.reporters.JUnitXMLReporter -->
<testsuite ignored="0" hostname="Shivas-MacBook-Air.local" failures="0" tests="5" name="Default test" time="273.079" errors="0" timestamp="2022-04-12T16:12:31 CEST">
  <testcase classname="test.TestCases" name="InvalidUserLoginTC2" time="8.297"/>
  <testcase classname="test.TestCases" name="UserLoginTC1" time="13.984"/>
  <testcase classname="test.TestCases" name="ValidateBeautyItemTC3" time="38.433"/>
  <testcase classname="test.TestCases" name="ValidateFavouriteItemTC4" time="53.472"/>
  <testcase classname="test.TestCases" name="ValidateSearchandDiscountTC5" time="60.475"/>
</testsuite> <!-- Default test -->
