<?xml version="1.0" encoding="UTF-8"?>
<testng-results ignored="0" total="5" passed="5" failed="0" skipped="0">
  <reporter-output>
    <line>
      <![CDATA[=====Browser session Started=====]]>
    </line>
    <line>
      <![CDATA[====Browser session End====]]>
    </line>
    <line>
      <![CDATA[=====Browser session Started=====]]>
    </line>
    <line>
      <![CDATA[====Browser session End====]]>
    </line>
    <line>
      <![CDATA[=====Browser session Started=====]]>
    </line>
    <line>
      <![CDATA[====Browser session End====]]>
    </line>
    <line>
      <![CDATA[=====Browser session Started=====]]>
    </line>
    <line>
      <![CDATA[====Browser session End====]]>
    </line>
    <line>
      <![CDATA[=====Browser session Started=====]]>
    </line>
    <line>
      <![CDATA[====Browser session End====]]>
    </line>
  </reporter-output>
  <suite started-at="2022-04-12T16:07:58 CEST" name="Default suite" finished-at="2022-04-12T16:12:31 CEST" duration-ms="273079">
    <groups>
    </groups>
    <test started-at="2022-04-12T16:07:58 CEST" name="Default test" finished-at="2022-04-12T16:12:31 CEST" duration-ms="273079">
      <class name="test.TestCases">
        <test-method is-config="true" signature="LaunchBrowser()[pri:0, instance:test.TestCases@3cc2931c]" started-at="2022-04-12T16:07:58 CEST" name="LaunchBrowser" finished-at="2022-04-12T16:08:34 CEST" duration-ms="35867" status="PASS">
          <reporter-output>
            <line>
              <![CDATA[=====Browser session Started=====]]>
            </line>
          </reporter-output>
        </test-method> <!-- LaunchBrowser -->
        <test-method signature="InvalidUserLoginTC2()[pri:0, instance:test.TestCases@3cc2931c]" started-at="2022-04-12T16:08:34 CEST" name="InvalidUserLoginTC2" description="Verify Login functionality with invalid password" finished-at="2022-04-12T16:08:42 CEST" duration-ms="8297" status="PASS">
          <reporter-output>
          </reporter-output>
        </test-method> <!-- InvalidUserLoginTC2 -->
        <test-method is-config="true" signature="CloseBrowser()[pri:0, instance:test.TestCases@3cc2931c]" started-at="2022-04-12T16:08:42 CEST" name="CloseBrowser" finished-at="2022-04-12T16:08:43 CEST" duration-ms="612" status="PASS">
          <reporter-output>
            <line>
              <![CDATA[====Browser session End====]]>
            </line>
          </reporter-output>
        </test-method> <!-- CloseBrowser -->
        <test-method is-config="true" signature="LaunchBrowser()[pri:0, instance:test.TestCases@3cc2931c]" started-at="2022-04-12T16:08:43 CEST" name="LaunchBrowser" finished-at="2022-04-12T16:08:56 CEST" duration-ms="13351" status="PASS">
          <reporter-output>
            <line>
              <![CDATA[=====Browser session Started=====]]>
            </line>
          </reporter-output>
        </test-method> <!-- LaunchBrowser -->
        <test-method signature="UserLoginTC1()[pri:0, instance:test.TestCases@3cc2931c]" started-at="2022-04-12T16:08:56 CEST" name="UserLoginTC1" description="Verify Login functionality" finished-at="2022-04-12T16:09:10 CEST" duration-ms="13984" status="PASS">
          <reporter-output>
          </reporter-output>
        </test-method> <!-- UserLoginTC1 -->
        <test-method is-config="true" signature="CloseBrowser()[pri:0, instance:test.TestCases@3cc2931c]" started-at="2022-04-12T16:09:10 CEST" name="CloseBrowser" finished-at="2022-04-12T16:09:10 CEST" duration-ms="371" status="PASS">
          <reporter-output>
            <line>
              <![CDATA[====Browser session End====]]>
            </line>
          </reporter-output>
        </test-method> <!-- CloseBrowser -->
        <test-method is-config="true" signature="LaunchBrowser()[pri:0, instance:test.TestCases@3cc2931c]" started-at="2022-04-12T16:09:10 CEST" name="LaunchBrowser" finished-at="2022-04-12T16:09:21 CEST" duration-ms="10751" status="PASS">
          <reporter-output>
            <line>
              <![CDATA[=====Browser session Started=====]]>
            </line>
          </reporter-output>
        </test-method> <!-- LaunchBrowser -->
        <test-method signature="ValidateBeautyItemTC3()[pri:0, instance:test.TestCases@3cc2931c]" started-at="2022-04-12T16:09:21 CEST" name="ValidateBeautyItemTC3" description="Verify adding an item from Beauty category to cart and validate details in Cart" finished-at="2022-04-12T16:10:00 CEST" duration-ms="38433" status="PASS">
          <reporter-output>
          </reporter-output>
        </test-method> <!-- ValidateBeautyItemTC3 -->
        <test-method is-config="true" signature="CloseBrowser()[pri:0, instance:test.TestCases@3cc2931c]" started-at="2022-04-12T16:10:00 CEST" name="CloseBrowser" finished-at="2022-04-12T16:10:00 CEST" duration-ms="607" status="PASS">
          <reporter-output>
            <line>
              <![CDATA[====Browser session End====]]>
            </line>
          </reporter-output>
        </test-method> <!-- CloseBrowser -->
        <test-method is-config="true" signature="LaunchBrowser()[pri:0, instance:test.TestCases@3cc2931c]" started-at="2022-04-12T16:10:00 CEST" name="LaunchBrowser" finished-at="2022-04-12T16:10:13 CEST" duration-ms="12601" status="PASS">
          <reporter-output>
            <line>
              <![CDATA[=====Browser session Started=====]]>
            </line>
          </reporter-output>
        </test-method> <!-- LaunchBrowser -->
        <test-method signature="ValidateFavouriteItemTC4()[pri:0, instance:test.TestCases@3cc2931c]" started-at="2022-04-12T16:10:13 CEST" name="ValidateFavouriteItemTC4" description="Verify adding 4th book from Books category to Favourites and verify details in Favourites page" finished-at="2022-04-12T16:11:06 CEST" duration-ms="53472" status="PASS">
          <reporter-output>
          </reporter-output>
        </test-method> <!-- ValidateFavouriteItemTC4 -->
        <test-method is-config="true" signature="CloseBrowser()[pri:0, instance:test.TestCases@3cc2931c]" started-at="2022-04-12T16:11:06 CEST" name="CloseBrowser" finished-at="2022-04-12T16:11:07 CEST" duration-ms="934" status="PASS">
          <reporter-output>
            <line>
              <![CDATA[====Browser session End====]]>
            </line>
          </reporter-output>
        </test-method> <!-- CloseBrowser -->
        <test-method is-config="true" signature="LaunchBrowser()[pri:0, instance:test.TestCases@3cc2931c]" started-at="2022-04-12T16:11:07 CEST" name="LaunchBrowser" finished-at="2022-04-12T16:11:30 CEST" duration-ms="22247" status="PASS">
          <reporter-output>
            <line>
              <![CDATA[=====Browser session Started=====]]>
            </line>
          </reporter-output>
        </test-method> <!-- LaunchBrowser -->
        <test-method signature="ValidateSearchandDiscountTC5()[pri:0, instance:test.TestCases@3cc2931c]" started-at="2022-04-12T16:11:30 CEST" name="ValidateSearchandDiscountTC5" description="Search a particular item and add it to cart and verify discount coupon on cart page" finished-at="2022-04-12T16:12:30 CEST" duration-ms="60475" status="PASS">
          <reporter-output>
          </reporter-output>
        </test-method> <!-- ValidateSearchandDiscountTC5 -->
        <test-method is-config="true" signature="CloseBrowser()[pri:0, instance:test.TestCases@3cc2931c]" started-at="2022-04-12T16:12:30 CEST" name="CloseBrowser" finished-at="2022-04-12T16:12:31 CEST" duration-ms="846" status="PASS">
          <reporter-output>
            <line>
              <![CDATA[====Browser session End====]]>
            </line>
          </reporter-output>
        </test-method> <!-- CloseBrowser -->
      </class> <!-- test.TestCases -->
    </test> <!-- Default test -->
  </suite> <!-- Default suite -->
</testng-results>
